<?xml version="1.0" encoding="UTF-8"?>
<!-- Generated by org.testng.reporters.JUnitReportReporter -->
<testsuite hostname="mauricio-Latitude-E6430" failures="0" tests="4" name="CrowdTestNgRunner" time="28.882" errors="4" timestamp="22 May 2020 15:45:17 GMT" skipped="0">
  <testcase classname="CrowdTestNgRunner" name="runScenario" time="23.858">
    <error message="Error creating driver: " type="java.lang.RuntimeException">
      <![CDATA[java.lang.RuntimeException: Error creating driver: 
at com.crowdar.driver.DriverFactory.createDriver(DriverFactory.java:48)
at com.crowdar.driver.DriverManager.getDriverInstance(DriverManager.java:21)
at com.crowdar.report.ExtentReportManager.takeScreenshot(ExtentReportManager.java:295)
at com.crowdar.report.ExtentReportManager.addCucumberFailStep(ExtentReportManager.java:252)
at com.crowdar.report.ExtentReportManager.createResult(ExtentReportManager.java:188)
at com.crowdar.report.CucumberExtentReport.handleTestStepFinished(CucumberExtentReport.java:54)
at com.crowdar.report.CucumberEventListener$4.receive(CucumberEventListener.java:39)
at com.crowdar.report.CucumberEventListener$4.receive(CucumberEventListener.java:36)
at cucumber.runner.AbstractEventPublisher.send(AbstractEventPublisher.java:45)
at cucumber.runner.AbstractEventBus.send(AbstractEventBus.java:9)
at cucumber.runner.TimeServiceEventBus.send(TimeServiceEventBus.java:3)
at cucumber.runner.ThreadLocalRunnerSupplier$SynchronizedEventBus.send(ThreadLocalRunnerSupplier.java:90)
at cucumber.runner.ThreadLocalRunnerSupplier$LocalEventBus.send(ThreadLocalRunnerSupplier.java:63)
at cucumber.runner.TestStep.run(TestStep.java:57)
at cucumber.runner.PickleStepTestStep.run(PickleStepTestStep.java:43)
at cucumber.runner.TestCase.run(TestCase.java:44)
at cucumber.runner.Runner.runPickle(Runner.java:40)
at cucumber.api.testng.TestNGCucumberRunner.runScenario(TestNGCucumberRunner.java:68)
at cucumber.api.testng.AbstractTestNGCucumberTests.runScenario(AbstractTestNGCucumberTests.java:22)
at java.base/jdk.internal.reflect.NativeMethodAccessorImpl.invoke0(Native Method)
at java.base/jdk.internal.reflect.NativeMethodAccessorImpl.invoke(NativeMethodAccessorImpl.java:62)
at java.base/jdk.internal.reflect.DelegatingMethodAccessorImpl.invoke(DelegatingMethodAccessorImpl.java:43)
at java.base/java.lang.reflect.Method.invoke(Method.java:566)
at org.testng.internal.MethodInvocationHelper.invokeMethod(MethodInvocationHelper.java:124)
at org.testng.internal.Invoker.invokeMethod(Invoker.java:583)
at org.testng.internal.Invoker.invokeTestMethod(Invoker.java:719)
at org.testng.internal.Invoker.invokeTestMethods(Invoker.java:989)
at org.testng.internal.TestMethodWorker.invokeTestMethods(TestMethodWorker.java:125)
at org.testng.internal.TestMethodWorker.run(TestMethodWorker.java:109)
at org.testng.TestRunner.privateRun(TestRunner.java:648)
at org.testng.TestRunner.run(TestRunner.java:505)
at org.testng.SuiteRunner.runTest(SuiteRunner.java:455)
at org.testng.SuiteRunner.access$000(SuiteRunner.java:40)
at org.testng.SuiteRunner$SuiteWorker.run(SuiteRunner.java:489)
at org.testng.internal.thread.ThreadUtil$1.call(ThreadUtil.java:52)
at java.base/java.util.concurrent.FutureTask.run(FutureTask.java:264)
at java.base/java.util.concurrent.ThreadPoolExecutor.runWorker(ThreadPoolExecutor.java:1128)
at java.base/java.util.concurrent.ThreadPoolExecutor$Worker.run(ThreadPoolExecutor.java:628)
at java.base/java.lang.Thread.run(Thread.java:834)
]]>
    </error>
  </testcase> <!-- runScenario -->
  <testcase classname="CrowdTestNgRunner" name="runScenario" time="1.572">
    <error message="Error creating driver: " type="java.lang.RuntimeException">
      <![CDATA[java.lang.RuntimeException: Error creating driver: 
at com.crowdar.driver.DriverFactory.createDriver(DriverFactory.java:48)
at com.crowdar.driver.DriverManager.getDriverInstance(DriverManager.java:21)
at com.crowdar.report.ExtentReportManager.takeScreenshot(ExtentReportManager.java:295)
at com.crowdar.report.ExtentReportManager.addCucumberFailStep(ExtentReportManager.java:252)
at com.crowdar.report.ExtentReportManager.createResult(ExtentReportManager.java:188)
at com.crowdar.report.CucumberExtentReport.handleTestStepFinished(CucumberExtentReport.java:54)
at com.crowdar.report.CucumberEventListener$4.receive(CucumberEventListener.java:39)
at com.crowdar.report.CucumberEventListener$4.receive(CucumberEventListener.java:36)
at cucumber.runner.AbstractEventPublisher.send(AbstractEventPublisher.java:45)
at cucumber.runner.AbstractEventBus.send(AbstractEventBus.java:9)
at cucumber.runner.TimeServiceEventBus.send(TimeServiceEventBus.java:3)
at cucumber.runner.ThreadLocalRunnerSupplier$SynchronizedEventBus.send(ThreadLocalRunnerSupplier.java:90)
at cucumber.runner.ThreadLocalRunnerSupplier$LocalEventBus.send(ThreadLocalRunnerSupplier.java:63)
at cucumber.runner.TestStep.run(TestStep.java:57)
at cucumber.runner.PickleStepTestStep.run(PickleStepTestStep.java:43)
at cucumber.runner.TestCase.run(TestCase.java:44)
at cucumber.runner.Runner.runPickle(Runner.java:40)
at cucumber.api.testng.TestNGCucumberRunner.runScenario(TestNGCucumberRunner.java:68)
at cucumber.api.testng.AbstractTestNGCucumberTests.runScenario(AbstractTestNGCucumberTests.java:22)
at java.base/jdk.internal.reflect.NativeMethodAccessorImpl.invoke0(Native Method)
at java.base/jdk.internal.reflect.NativeMethodAccessorImpl.invoke(NativeMethodAccessorImpl.java:62)
at java.base/jdk.internal.reflect.DelegatingMethodAccessorImpl.invoke(DelegatingMethodAccessorImpl.java:43)
at java.base/java.lang.reflect.Method.invoke(Method.java:566)
at org.testng.internal.MethodInvocationHelper.invokeMethod(MethodInvocationHelper.java:124)
at org.testng.internal.Invoker.invokeMethod(Invoker.java:583)
at org.testng.internal.Invoker.invokeTestMethod(Invoker.java:719)
at org.testng.internal.Invoker.invokeTestMethods(Invoker.java:989)
at org.testng.internal.TestMethodWorker.invokeTestMethods(TestMethodWorker.java:125)
at org.testng.internal.TestMethodWorker.run(TestMethodWorker.java:109)
at org.testng.TestRunner.privateRun(TestRunner.java:648)
at org.testng.TestRunner.run(TestRunner.java:505)
at org.testng.SuiteRunner.runTest(SuiteRunner.java:455)
at org.testng.SuiteRunner.access$000(SuiteRunner.java:40)
at org.testng.SuiteRunner$SuiteWorker.run(SuiteRunner.java:489)
at org.testng.internal.thread.ThreadUtil$1.call(ThreadUtil.java:52)
at java.base/java.util.concurrent.FutureTask.run(FutureTask.java:264)
at java.base/java.util.concurrent.ThreadPoolExecutor.runWorker(ThreadPoolExecutor.java:1128)
at java.base/java.util.concurrent.ThreadPoolExecutor$Worker.run(ThreadPoolExecutor.java:628)
at java.base/java.lang.Thread.run(Thread.java:834)
]]>
    </error>
  </testcase> <!-- runScenario -->
  <testcase classname="CrowdTestNgRunner" name="runScenario" time="1.557">
    <error message="Error creating driver: " type="java.lang.RuntimeException">
      <![CDATA[java.lang.RuntimeException: Error creating driver: 
at com.crowdar.driver.DriverFactory.createDriver(DriverFactory.java:48)
at com.crowdar.driver.DriverManager.getDriverInstance(DriverManager.java:21)
at com.crowdar.report.ExtentReportManager.takeScreenshot(ExtentReportManager.java:295)
at com.crowdar.report.ExtentReportManager.addCucumberFailStep(ExtentReportManager.java:252)
at com.crowdar.report.ExtentReportManager.createResult(ExtentReportManager.java:188)
at com.crowdar.report.CucumberExtentReport.handleTestStepFinished(CucumberExtentReport.java:54)
at com.crowdar.report.CucumberEventListener$4.receive(CucumberEventListener.java:39)
at com.crowdar.report.CucumberEventListener$4.receive(CucumberEventListener.java:36)
at cucumber.runner.AbstractEventPublisher.send(AbstractEventPublisher.java:45)
at cucumber.runner.AbstractEventBus.send(AbstractEventBus.java:9)
at cucumber.runner.TimeServiceEventBus.send(TimeServiceEventBus.java:3)
at cucumber.runner.ThreadLocalRunnerSupplier$SynchronizedEventBus.send(ThreadLocalRunnerSupplier.java:90)
at cucumber.runner.ThreadLocalRunnerSupplier$LocalEventBus.send(ThreadLocalRunnerSupplier.java:63)
at cucumber.runner.TestStep.run(TestStep.java:57)
at cucumber.runner.PickleStepTestStep.run(PickleStepTestStep.java:43)
at cucumber.runner.TestCase.run(TestCase.java:44)
at cucumber.runner.Runner.runPickle(Runner.java:40)
at cucumber.api.testng.TestNGCucumberRunner.runScenario(TestNGCucumberRunner.java:68)
at cucumber.api.testng.AbstractTestNGCucumberTests.runScenario(AbstractTestNGCucumberTests.java:22)
at java.base/jdk.internal.reflect.NativeMethodAccessorImpl.invoke0(Native Method)
at java.base/jdk.internal.reflect.NativeMethodAccessorImpl.invoke(NativeMethodAccessorImpl.java:62)
at java.base/jdk.internal.reflect.DelegatingMethodAccessorImpl.invoke(DelegatingMethodAccessorImpl.java:43)
at java.base/java.lang.reflect.Method.invoke(Method.java:566)
at org.testng.internal.MethodInvocationHelper.invokeMethod(MethodInvocationHelper.java:124)
at org.testng.internal.Invoker.invokeMethod(Invoker.java:583)
at org.testng.internal.Invoker.invokeTestMethod(Invoker.java:719)
at org.testng.internal.Invoker.invokeTestMethods(Invoker.java:989)
at org.testng.internal.TestMethodWorker.invokeTestMethods(TestMethodWorker.java:125)
at org.testng.internal.TestMethodWorker.run(TestMethodWorker.java:109)
at org.testng.TestRunner.privateRun(TestRunner.java:648)
at org.testng.TestRunner.run(TestRunner.java:505)
at org.testng.SuiteRunner.runTest(SuiteRunner.java:455)
at org.testng.SuiteRunner.access$000(SuiteRunner.java:40)
at org.testng.SuiteRunner$SuiteWorker.run(SuiteRunner.java:489)
at org.testng.internal.thread.ThreadUtil$1.call(ThreadUtil.java:52)
at java.base/java.util.concurrent.FutureTask.run(FutureTask.java:264)
at java.base/java.util.concurrent.ThreadPoolExecutor.runWorker(ThreadPoolExecutor.java:1128)
at java.base/java.util.concurrent.ThreadPoolExecutor$Worker.run(ThreadPoolExecutor.java:628)
at java.base/java.lang.Thread.run(Thread.java:834)
]]>
    </error>
  </testcase> <!-- runScenario -->
  <testcase classname="CrowdTestNgRunner" name="runScenario" time="1.895">
    <error message="Error creating driver: " type="java.lang.RuntimeException">
      <![CDATA[java.lang.RuntimeException: Error creating driver: 
at com.crowdar.driver.DriverFactory.createDriver(DriverFactory.java:48)
at com.crowdar.driver.DriverManager.getDriverInstance(DriverManager.java:21)
at com.crowdar.report.ExtentReportManager.takeScreenshot(ExtentReportManager.java:295)
at com.crowdar.report.ExtentReportManager.addCucumberFailStep(ExtentReportManager.java:252)
at com.crowdar.report.ExtentReportManager.createResult(ExtentReportManager.java:188)
at com.crowdar.report.CucumberExtentReport.handleTestStepFinished(CucumberExtentReport.java:54)
at com.crowdar.report.CucumberEventListener$4.receive(CucumberEventListener.java:39)
at com.crowdar.report.CucumberEventListener$4.receive(CucumberEventListener.java:36)
at cucumber.runner.AbstractEventPublisher.send(AbstractEventPublisher.java:45)
at cucumber.runner.AbstractEventBus.send(AbstractEventBus.java:9)
at cucumber.runner.TimeServiceEventBus.send(TimeServiceEventBus.java:3)
at cucumber.runner.ThreadLocalRunnerSupplier$SynchronizedEventBus.send(ThreadLocalRunnerSupplier.java:90)
at cucumber.runner.ThreadLocalRunnerSupplier$LocalEventBus.send(ThreadLocalRunnerSupplier.java:63)
at cucumber.runner.TestStep.run(TestStep.java:57)
at cucumber.runner.PickleStepTestStep.run(PickleStepTestStep.java:43)
at cucumber.runner.TestCase.run(TestCase.java:44)
at cucumber.runner.Runner.runPickle(Runner.java:40)
at cucumber.api.testng.TestNGCucumberRunner.runScenario(TestNGCucumberRunner.java:68)
at cucumber.api.testng.AbstractTestNGCucumberTests.runScenario(AbstractTestNGCucumberTests.java:22)
at java.base/jdk.internal.reflect.NativeMethodAccessorImpl.invoke0(Native Method)
at java.base/jdk.internal.reflect.NativeMethodAccessorImpl.invoke(NativeMethodAccessorImpl.java:62)
at java.base/jdk.internal.reflect.DelegatingMethodAccessorImpl.invoke(DelegatingMethodAccessorImpl.java:43)
at java.base/java.lang.reflect.Method.invoke(Method.java:566)
at org.testng.internal.MethodInvocationHelper.invokeMethod(MethodInvocationHelper.java:124)
at org.testng.internal.Invoker.invokeMethod(Invoker.java:583)
at org.testng.internal.Invoker.invokeTestMethod(Invoker.java:719)
at org.testng.internal.Invoker.invokeTestMethods(Invoker.java:989)
at org.testng.internal.TestMethodWorker.invokeTestMethods(TestMethodWorker.java:125)
at org.testng.internal.TestMethodWorker.run(TestMethodWorker.java:109)
at org.testng.TestRunner.privateRun(TestRunner.java:648)
at org.testng.TestRunner.run(TestRunner.java:505)
at org.testng.SuiteRunner.runTest(SuiteRunner.java:455)
at org.testng.SuiteRunner.access$000(SuiteRunner.java:40)
at org.testng.SuiteRunner$SuiteWorker.run(SuiteRunner.java:489)
at org.testng.internal.thread.ThreadUtil$1.call(ThreadUtil.java:52)
at java.base/java.util.concurrent.FutureTask.run(FutureTask.java:264)
at java.base/java.util.concurrent.ThreadPoolExecutor.runWorker(ThreadPoolExecutor.java:1128)
at java.base/java.util.concurrent.ThreadPoolExecutor$Worker.run(ThreadPoolExecutor.java:628)
at java.base/java.lang.Thread.run(Thread.java:834)
]]>
    </error>
  </testcase> <!-- runScenario -->
</testsuite> <!-- CrowdTestNgRunner -->
